Performing C++ SOURCE FILE Test HWY_EMSCRIPTEN failed with the following output:
Change Dir: /home/arif/Research/highway-vqsort/CMakeFiles/CMakeTmp

Run Build Command:"/usr/bin/make" "cmTC_0ed2e/fast"
/usr/bin/make -f CMakeFiles/cmTC_0ed2e.dir/build.make CMakeFiles/cmTC_0ed2e.dir/build
make[1]: Entering directory '/home/arif/Research/highway-vqsort/CMakeFiles/CMakeTmp'
Building CXX object CMakeFiles/cmTC_0ed2e.dir/src.cxx.o
/usr/bin/c++    -DHWY_EMSCRIPTEN   -o CMakeFiles/cmTC_0ed2e.dir/src.cxx.o -c /home/arif/Research/highway-vqsort/CMakeFiles/CMakeTmp/src.cxx
/home/arif/Research/highway-vqsort/CMakeFiles/CMakeTmp/src.cxx: In function ‘int main()’:
/home/arif/Research/highway-vqsort/CMakeFiles/CMakeTmp/src.cxx:3:7: error: static assertion failed: __EMSCRIPTEN__ is not defined
       static_assert(false, "__EMSCRIPTEN__ is not defined");
       ^~~~~~~~~~~~~
CMakeFiles/cmTC_0ed2e.dir/build.make:65: recipe for target 'CMakeFiles/cmTC_0ed2e.dir/src.cxx.o' failed
make[1]: *** [CMakeFiles/cmTC_0ed2e.dir/src.cxx.o] Error 1
make[1]: Leaving directory '/home/arif/Research/highway-vqsort/CMakeFiles/CMakeTmp'
Makefile:126: recipe for target 'cmTC_0ed2e/fast' failed
make: *** [cmTC_0ed2e/fast] Error 2

Source file was:
int main() {
      #if !defined(__EMSCRIPTEN__)
      static_assert(false, "__EMSCRIPTEN__ is not defined");
      #endif
      return 0;
    }
Performing C++ SOURCE FILE Test HWY_RISCV failed with the following output:
Change Dir: /home/arif/Research/highway-vqsort/CMakeFiles/CMakeTmp

Run Build Command:"/usr/bin/make" "cmTC_c26af/fast"
/usr/bin/make -f CMakeFiles/cmTC_c26af.dir/build.make CMakeFiles/cmTC_c26af.dir/build
make[1]: Entering directory '/home/arif/Research/highway-vqsort/CMakeFiles/CMakeTmp'
Building CXX object CMakeFiles/cmTC_c26af.dir/src.cxx.o
/usr/bin/c++    -DHWY_RISCV   -o CMakeFiles/cmTC_c26af.dir/src.cxx.o -c /home/arif/Research/highway-vqsort/CMakeFiles/CMakeTmp/src.cxx
/home/arif/Research/highway-vqsort/CMakeFiles/CMakeTmp/src.cxx: In function ‘int main()’:
/home/arif/Research/highway-vqsort/CMakeFiles/CMakeTmp/src.cxx:3:7: error: static assertion failed: __riscv is not defined
       static_assert(false, "__riscv is not defined");
       ^~~~~~~~~~~~~
CMakeFiles/cmTC_c26af.dir/build.make:65: recipe for target 'CMakeFiles/cmTC_c26af.dir/src.cxx.o' failed
make[1]: *** [CMakeFiles/cmTC_c26af.dir/src.cxx.o] Error 1
make[1]: Leaving directory '/home/arif/Research/highway-vqsort/CMakeFiles/CMakeTmp'
Makefile:126: recipe for target 'cmTC_c26af/fast' failed
make: *** [cmTC_c26af/fast] Error 2

Source file was:
int main() {
      #if !defined(__riscv)
      static_assert(false, "__riscv is not defined");
      #endif
      return 0;
    }
Determining if the pthread_create exist failed with the following output:
Change Dir: /home/arif/Research/highway-vqsort/CMakeFiles/CMakeTmp

Run Build Command:"/usr/bin/make" "cmTC_64498/fast"
/usr/bin/make -f CMakeFiles/cmTC_64498.dir/build.make CMakeFiles/cmTC_64498.dir/build
make[1]: Entering directory '/home/arif/Research/highway-vqsort/CMakeFiles/CMakeTmp'
Building C object CMakeFiles/cmTC_64498.dir/CheckSymbolExists.c.o
/usr/bin/cc    -o CMakeFiles/cmTC_64498.dir/CheckSymbolExists.c.o   -c /home/arif/Research/highway-vqsort/CMakeFiles/CMakeTmp/CheckSymbolExists.c
Linking C executable cmTC_64498
/usr/bin/cmake -E cmake_link_script CMakeFiles/cmTC_64498.dir/link.txt --verbose=1
/usr/bin/cc      CMakeFiles/cmTC_64498.dir/CheckSymbolExists.c.o  -o cmTC_64498 
CMakeFiles/cmTC_64498.dir/CheckSymbolExists.c.o: In function `main':
CheckSymbolExists.c:(.text+0x1b): undefined reference to `pthread_create'
collect2: error: ld returned 1 exit status
CMakeFiles/cmTC_64498.dir/build.make:97: recipe for target 'cmTC_64498' failed
make[1]: *** [cmTC_64498] Error 1
make[1]: Leaving directory '/home/arif/Research/highway-vqsort/CMakeFiles/CMakeTmp'
Makefile:126: recipe for target 'cmTC_64498/fast' failed
make: *** [cmTC_64498/fast] Error 2

File /home/arif/Research/highway-vqsort/CMakeFiles/CMakeTmp/CheckSymbolExists.c:
/* */
#include <pthread.h>

int main(int argc, char** argv)
{
  (void)argv;
#ifndef pthread_create
  return ((int*)(&pthread_create))[argc];
#else
  (void)argc;
  return 0;
#endif
}

Determining if the function pthread_create exists in the pthreads failed with the following output:
Change Dir: /home/arif/Research/highway-vqsort/CMakeFiles/CMakeTmp

Run Build Command:"/usr/bin/make" "cmTC_e58a4/fast"
/usr/bin/make -f CMakeFiles/cmTC_e58a4.dir/build.make CMakeFiles/cmTC_e58a4.dir/build
make[1]: Entering directory '/home/arif/Research/highway-vqsort/CMakeFiles/CMakeTmp'
Building C object CMakeFiles/cmTC_e58a4.dir/CheckFunctionExists.c.o
/usr/bin/cc   -DCHECK_FUNCTION_EXISTS=pthread_create   -o CMakeFiles/cmTC_e58a4.dir/CheckFunctionExists.c.o   -c /usr/share/cmake-3.10/Modules/CheckFunctionExists.c
Linking C executable cmTC_e58a4
/usr/bin/cmake -E cmake_link_script CMakeFiles/cmTC_e58a4.dir/link.txt --verbose=1
/usr/bin/cc  -DCHECK_FUNCTION_EXISTS=pthread_create    CMakeFiles/cmTC_e58a4.dir/CheckFunctionExists.c.o  -o cmTC_e58a4 -lpthreads 
/usr/bin/ld: cannot find -lpthreads
collect2: error: ld returned 1 exit status
CMakeFiles/cmTC_e58a4.dir/build.make:97: recipe for target 'cmTC_e58a4' failed
make[1]: *** [cmTC_e58a4] Error 1
make[1]: Leaving directory '/home/arif/Research/highway-vqsort/CMakeFiles/CMakeTmp'
Makefile:126: recipe for target 'cmTC_e58a4/fast' failed
make: *** [cmTC_e58a4/fast] Error 2


